[2025-May-01 02:29:27.775 -04:00][ 5692: 5692][info ] Logging initialized
[2025-May-01 02:29:27.775 -04:00][ 5692: 5692][info ] Initializing krisp SDK...
[2025-May-01 02:29:27.775 -04:00][ 5692: 5692][info ] DoKrispInitialize
[2025-May-01 02:29:28.028 -04:00][ 5692: 5692][info ] LoadDynamicKrisp
[2025-May-01 02:29:28.028 -04:00][ 5692: 5692][info ] Did not find KRISP_DYLIB_PATH, skipping dynamic loading
[2025-May-01 02:29:28.028 -04:00][ 5692: 5692][info ] Initializing Krisp SDK in PID 5692, addr 0x74c1e7590d10
[2025-May-01 02:29:28.165 -04:00][ 5692: 5692][info ] Initialized Krisp SDK successfully
[2025-May-01 02:29:28.165 -04:00][ 5692: 5692][info ] Krisp SDK initialized
[2025-May-01 20:37:38.107 -04:00][ 8892: 8892][info ] Logging initialized
[2025-May-01 20:37:38.107 -04:00][ 8892: 8892][info ] Initializing krisp SDK...
[2025-May-01 20:37:38.107 -04:00][ 8892: 8892][info ] DoKrispInitialize
[2025-May-01 20:37:38.374 -04:00][ 8892: 8892][info ] LoadDynamicKrisp
[2025-May-01 20:37:38.374 -04:00][ 8892: 8892][info ] Did not find KRISP_DYLIB_PATH, skipping dynamic loading
[2025-May-01 20:37:38.374 -04:00][ 8892: 8892][info ] Initializing Krisp SDK in PID 8892, addr 0x740cc7b90d10
[2025-May-01 20:37:38.521 -04:00][ 8892: 8892][info ] Initialized Krisp SDK successfully
[2025-May-01 20:37:38.521 -04:00][ 8892: 8892][info ] Krisp SDK initialized
[2025-May-02 18:10:38.020 -04:00][ 2416: 2416][info ] Logging initialized
[2025-May-02 18:10:38.020 -04:00][ 2416: 2416][info ] Initializing krisp SDK...
[2025-May-02 18:10:38.020 -04:00][ 2416: 2416][info ] DoKrispInitialize
[2025-May-02 18:10:38.278 -04:00][ 2416: 2416][info ] LoadDynamicKrisp
[2025-May-02 18:10:38.278 -04:00][ 2416: 2416][info ] Did not find KRISP_DYLIB_PATH, skipping dynamic loading
[2025-May-02 18:10:38.278 -04:00][ 2416: 2416][info ] Initializing Krisp SDK in PID 2416, addr 0x74afd3f90d10
[2025-May-02 18:10:38.416 -04:00][ 2416: 2416][info ] Initialized Krisp SDK successfully
[2025-May-02 18:10:38.416 -04:00][ 2416: 2416][info ] Krisp SDK initialized
[2025-May-02 18:15:30.019 -04:00][ 1025: 1025][info ] Logging initialized
[2025-May-02 18:15:30.019 -04:00][ 1025: 1025][info ] Initializing krisp SDK...
[2025-May-02 18:15:30.019 -04:00][ 1025: 1025][info ] DoKrispInitialize
[2025-May-02 18:15:30.272 -04:00][ 1025: 1025][info ] LoadDynamicKrisp
[2025-May-02 18:15:30.272 -04:00][ 1025: 1025][info ] Did not find KRISP_DYLIB_PATH, skipping dynamic loading
[2025-May-02 18:15:30.272 -04:00][ 1025: 1025][info ] Initializing Krisp SDK in PID 1025, addr 0x7a8639190d10
[2025-May-02 18:15:30.408 -04:00][ 1025: 1025][info ] Initialized Krisp SDK successfully
[2025-May-02 18:15:30.408 -04:00][ 1025: 1025][info ] Krisp SDK initialized
[2025-May-03 00:27:37.331 -04:00][19051:19051][info ] Logging initialized
[2025-May-03 00:27:37.331 -04:00][19051:19051][info ] Initializing krisp SDK...
[2025-May-03 00:27:37.331 -04:00][19051:19051][info ] DoKrispInitialize
[2025-May-03 00:27:37.584 -04:00][19051:19051][info ] LoadDynamicKrisp
[2025-May-03 00:27:37.584 -04:00][19051:19051][info ] Did not find KRISP_DYLIB_PATH, skipping dynamic loading
[2025-May-03 00:27:37.584 -04:00][19051:19051][info ] Initializing Krisp SDK in PID 19051, addr 0x7380de390d10
[2025-May-03 00:27:37.722 -04:00][19051:19051][info ] Initialized Krisp SDK successfully
[2025-May-03 00:27:37.722 -04:00][19051:19051][info ] Krisp SDK initialized
[2025-May-03 15:40:24.944 -04:00][ 8211: 8211][info ] Logging initialized
[2025-May-03 15:40:24.944 -04:00][ 8211: 8211][info ] Initializing krisp SDK...
[2025-May-03 15:40:24.944 -04:00][ 8211: 8211][info ] DoKrispInitialize
[2025-May-03 15:40:25.201 -04:00][ 8211: 8211][info ] LoadDynamicKrisp
[2025-May-03 15:40:25.201 -04:00][ 8211: 8211][info ] Did not find KRISP_DYLIB_PATH, skipping dynamic loading
[2025-May-03 15:40:25.201 -04:00][ 8211: 8211][info ] Initializing Krisp SDK in PID 8211, addr 0x778223f90d10
[2025-May-03 15:40:25.342 -04:00][ 8211: 8211][info ] Initialized Krisp SDK successfully
[2025-May-03 15:40:25.342 -04:00][ 8211: 8211][info ] Krisp SDK initialized
[2025-May-03 17:06:29.260 -04:00][ 8211: 8250][info ] KrispNCSetup: sampleRate = 8000, duration = 10
[2025-May-03 17:06:29.260 -04:00][ 8211: 8250][info ] Setting Krisp model: small_NC_8k
[2025-May-03 17:06:29.345 -04:00][ 8211: 8250][info ] KrispNCReset
[2025-May-03 17:06:29.345 -04:00][ 8211: 8250][info ] KrispNCSetup: sampleRate = 48000, duration = 10
[2025-May-03 17:06:29.345 -04:00][ 8211: 8250][info ] Setting Krisp model: full_NC
[2025-May-03 17:06:29.352 -04:00][ 8211: 8250][info ] KrispVADSetup: sampleRate = 48000, duration = 10
[2025-May-03 17:06:40.620 -04:00][ 8211: 8242][info ] KrispVADReset
[2025-May-04 01:47:46.431 -04:00][40229:40229][info ] Logging initialized
[2025-May-04 01:47:46.431 -04:00][40229:40229][info ] Initializing krisp SDK...
[2025-May-04 01:47:46.431 -04:00][40229:40229][info ] DoKrispInitialize
[2025-May-04 01:47:46.698 -04:00][40229:40229][info ] LoadDynamicKrisp
[2025-May-04 01:47:46.698 -04:00][40229:40229][info ] Did not find KRISP_DYLIB_PATH, skipping dynamic loading
[2025-May-04 01:47:46.698 -04:00][40229:40229][info ] Initializing Krisp SDK in PID 40229, addr 0x7747efd90d10
[2025-May-04 01:47:46.833 -04:00][40229:40229][info ] Initialized Krisp SDK successfully
[2025-May-04 01:47:46.833 -04:00][40229:40229][info ] Krisp SDK initialized
[2025-May-04 16:49:13.472 -04:00][ 6154: 6154][info ] Logging initialized
[2025-May-04 16:49:13.472 -04:00][ 6154: 6154][info ] Initializing krisp SDK...
[2025-May-04 16:49:13.472 -04:00][ 6154: 6154][info ] DoKrispInitialize
[2025-May-04 16:49:13.731 -04:00][ 6154: 6154][info ] LoadDynamicKrisp
[2025-May-04 16:49:13.732 -04:00][ 6154: 6154][info ] Did not find KRISP_DYLIB_PATH, skipping dynamic loading
[2025-May-04 16:49:13.732 -04:00][ 6154: 6154][info ] Initializing Krisp SDK in PID 6154, addr 0x7fa4ecb90d10
[2025-May-04 16:49:13.869 -04:00][ 6154: 6154][info ] Initialized Krisp SDK successfully
[2025-May-04 16:49:13.869 -04:00][ 6154: 6154][info ] Krisp SDK initialized
[2025-May-06 15:09:58.232 -04:00][24573:24573][info ] Logging initialized
[2025-May-06 15:09:58.232 -04:00][24573:24573][info ] Initializing krisp SDK...
[2025-May-06 15:09:58.232 -04:00][24573:24573][info ] DoKrispInitialize
[2025-May-06 15:09:58.491 -04:00][24573:24573][info ] LoadDynamicKrisp
[2025-May-06 15:09:58.491 -04:00][24573:24573][info ] Did not find KRISP_DYLIB_PATH, skipping dynamic loading
[2025-May-06 15:09:58.491 -04:00][24573:24573][info ] Initializing Krisp SDK in PID 24573, addr 0x7b0c7e790d10
[2025-May-06 15:09:58.625 -04:00][24573:24573][info ] Initialized Krisp SDK successfully
[2025-May-06 15:09:58.625 -04:00][24573:24573][info ] Krisp SDK initialized
