2025-05-14 15:39:24 Loading main app package /usr/lib/obsidian/obsidian.asar
2025-05-14 15:39:24 Checking for update using Github
2025-05-14 15:39:24 Success.
2025-05-14 15:39:24 Latest version is 1.8.10
2025-05-14 15:39:24 App is up to date.
2025-05-14 16:39:24 Checking for update using Github
2025-05-14 16:39:24 Success.
2025-05-14 16:39:24 Latest version is 1.8.10
2025-05-14 16:39:24 App is up to date.
2025-05-14 17:39:24 Checking for update using Github
2025-05-14 17:39:24 Success.
2025-05-14 17:39:24 Latest version is 1.8.10
2025-05-14 17:39:24 App is up to date.
2025-05-14 18:39:24 Checking for update using Github
2025-05-14 18:39:24 Success.
2025-05-14 18:39:24 Latest version is 1.8.10
2025-05-14 18:39:24 App is up to date.
2025-05-14 19:39:24 Checking for update using Github
2025-05-14 19:39:24 Success.
2025-05-14 19:39:24 Latest version is 1.8.10
2025-05-14 19:39:24 App is up to date.
2025-05-20 16:54:55 Loading main app package /usr/lib/obsidian/obsidian.asar
2025-05-20 16:54:55 Checking for update using Github
2025-05-20 16:54:55 Success.
2025-05-20 16:54:55 Latest version is 1.8.10
2025-05-20 16:54:55 App is up to date.
2025-05-22 21:32:04 Loading main app package /usr/lib/obsidian/obsidian.asar
2025-05-22 21:32:04 Checking for update using Github
2025-05-22 21:32:04 Success.
2025-05-22 21:32:04 Latest version is 1.8.10
2025-05-22 21:32:04 App is up to date.
